L 0.03598    Panic: Missing: templates/layout.tmpl.php

AeOlbaTemplateMissingException in system/core.php:2

┌─
│            1. index.php:1 e2 ()
│            2. system/core.php:2 ts ()
│            3. system/core.php:2 rs (
│              'main',
│              true
│            )
│            4. system/core.php:2 ls (
│              'system/theme/templates/main.tmpl.php'
│            )
│            5. system/core.php:2 include (
│              '/home/c/ce55776/marsprivet/public_html/blog/system/theme/templates/main.tmpl.php'
│            )
│            6. system/theme/templates/main.tmpl.php:32 _T (
│              'layout'
│            )
│            7. system/core.php:2 rs (
│              'layout'
│            )
└─
L 0.03613    Eat "system/theme/templates/panic.tmpl.php"
L 0.03636    :-(
